# JRE version: OpenJDK Runtime Environment (7.0_79-b14) (build 1.7.0_79-b14)
# Java VM: OpenJDK 64-Bit Server VM (24.79-b02 mixed mode linux-amd64 compressed oops)
Heap
 PSYoungGen      total 289280K, used 287744K [0x00000000ebe80000, 0x00000000fe200000, 0x0000000100000000)
  eden space 287744K, 100% used [0x00000000ebe80000,0x00000000fd780000,0x00000000fd780000)
  from space 1536K, 0% used [0x00000000fd900000,0x00000000fd900000,0x00000000fda80000)
  to   space 1536K, 0% used [0x00000000fd780000,0x00000000fd780000,0x00000000fd900000)
 ParOldGen       total 657920K, used 578323K [0x00000000c3c00000, 0x00000000ebe80000, 0x00000000ebe80000)
  object space 657920K, 87% used [0x00000000c3c00000,0x00000000e70c4fa8,0x00000000ebe80000)
 PSPermGen       total 21504K, used 3489K [0x00000000b9600000, 0x00000000bab00000, 0x00000000c3c00000)
  object space 21504K, 16% used [0x00000000b9600000,0x00000000b99687e0,0x00000000bab00000)
GC Heap History (10 events):
Event: 19.066 GC heap after
Heap after GC invocations=16 (full 3):
 PSYoungGen      total 178688K, used 0K [0x00000000ebe80000, 0x00000000fa380000, 0x0000000100000000)
  eden space 177152K, 0% used [0x00000000ebe80000,0x00000000ebe80000,0x00000000f6b80000)
  from space 1536K, 0% used [0x00000000f6b80000,0x00000000f6b80000,0x00000000f6d00000)
  to   space 1536K, 0% used [0x00000000fa200000,0x00000000fa200000,0x00000000fa380000)
 ParOldGen       total 297472K, used 203125K [0x00000000c3c00000, 0x00000000d5e80000, 0x00000000ebe80000)
  object space 297472K, 68% used [0x00000000c3c00000,0x00000000d025d708,0x00000000d5e80000)
 PSPermGen       total 21504K, used 3489K [0x00000000b9600000, 0x00000000bab00000, 0x00000000c3c00000)
  object space 21504K, 16% used [0x00000000b9600000,0x00000000b99687e0,0x00000000bab00000)
}
Event: 19.066 GC heap before
{Heap before GC invocations=17 (full 4):
 PSYoungGen      total 178688K, used 0K [0x00000000ebe80000, 0x00000000fa380000, 0x0000000100000000)
  eden space 177152K, 0% used [0x00000000ebe80000,0x00000000ebe80000,0x00000000f6b80000)
  from space 1536K, 0% used [0x00000000f6b80000,0x00000000f6b80000,0x00000000f6d00000)
  to   space 1536K, 0% used [0x00000000fa200000,0x00000000fa200000,0x00000000fa380000)
 ParOldGen       total 297472K, used 203125K [0x00000000c3c00000, 0x00000000d5e80000, 0x00000000ebe80000)
  object space 297472K, 68% used [0x00000000c3c00000,0x00000000d025d708,0x00000000d5e80000)
 PSPermGen       total 21504K, used 3489K [0x00000000b9600000, 0x00000000bab00000, 0x00000000c3c00000)
  object space 21504K, 16% used [0x00000000b9600000,0x00000000b99687e0,0x00000000bab00000)
Event: 19.717 GC heap after
Heap after GC invocations=17 (full 4):
 PSYoungGen      total 178688K, used 0K [0x00000000ebe80000, 0x00000000fa380000, 0x0000000100000000)
  eden space 177152K, 0% used [0x00000000ebe80000,0x00000000ebe80000,0x00000000f6b80000)
  from space 1536K, 0% used [0x00000000f6b80000,0x00000000f6b80000,0x00000000f6d00000)
  to   space 1536K, 0% used [0x00000000fa200000,0x00000000fa200000,0x00000000fa380000)
 ParOldGen       total 259072K, used 122001K [0x00000000c3c00000, 0x00000000d3900000, 0x00000000ebe80000)
  object space 259072K, 47% used [0x00000000c3c00000,0x00000000cb324740,0x00000000d3900000)
 PSPermGen       total 21504K, used 3489K [0x00000000b9600000, 0x00000000bab00000, 0x00000000c3c00000)
  object space 21504K, 16% used [0x00000000b9600000,0x00000000b99687e0,0x00000000bab00000)
}
Event: 20.035 GC heap before
{Heap before GC invocations=18 (full 4):
 PSYoungGen      total 178688K, used 177152K [0x00000000ebe80000, 0x00000000fa380000, 0x0000000100000000)
  eden space 177152K, 100% used [0x00000000ebe80000,0x00000000f6b80000,0x00000000f6b80000)
  from space 1536K, 0% used [0x00000000f6b80000,0x00000000f6b80000,0x00000000f6d00000)
  to   space 1536K, 0% used [0x00000000fa200000,0x00000000fa200000,0x00000000fa380000)
 ParOldGen       total 259072K, used 122001K [0x00000000c3c00000, 0x00000000d3900000, 0x00000000ebe80000)
  object space 259072K, 47% used [0x00000000c3c00000,0x00000000cb324740,0x00000000d3900000)
 PSPermGen       total 21504K, used 3489K [0x00000000b9600000, 0x00000000bab00000, 0x00000000c3c00000)
  object space 21504K, 16% used [0x00000000b9600000,0x00000000b99687e0,0x00000000bab00000)
Event: 20.116 GC heap after
Heap after GC invocations=18 (full 4):
 PSYoungGen      total 227328K, used 0K [0x00000000ebe80000, 0x00000000fa280000, 0x0000000100000000)
  eden space 226816K, 0% used [0x00000000ebe80000,0x00000000ebe80000,0x00000000f9c00000)
  from space 512K, 0% used [0x00000000fa200000,0x00000000fa200000,0x00000000fa280000)
  to   space 1536K, 0% used [0x00000000f9f80000,0x00000000f9f80000,0x00000000fa100000)
 ParOldGen       total 259072K, used 122001K [0x00000000c3c00000, 0x00000000d3900000, 0x00000000ebe80000)
  object space 259072K, 47% used [0x00000000c3c00000,0x00000000cb324740,0x00000000d3900000)
 PSPermGen       total 21504K, used 3489K [0x00000000b9600000, 0x00000000bab00000, 0x00000000c3c00000)
  object space 21504K, 16% used [0x00000000b9600000,0x00000000b99687e0,0x00000000bab00000)
}
Event: 20.816 GC heap before
{Heap before GC invocations=19 (full 4):
 PSYoungGen      total 227328K, used 226816K [0x00000000ebe80000, 0x00000000fa280000, 0x0000000100000000)
  eden space 226816K, 100% used [0x00000000ebe80000,0x00000000f9c00000,0x00000000f9c00000)
  from space 512K, 0% used [0x00000000fa200000,0x00000000fa200000,0x00000000fa280000)
  to   space 1536K, 0% used [0x00000000f9f80000,0x00000000f9f80000,0x00000000fa100000)
 ParOldGen       total 441856K, used 304530K [0x00000000c3c00000, 0x00000000deb80000, 0x00000000ebe80000)
  object space 441856K, 68% used [0x00000000c3c00000,0x00000000d6564aa0,0x00000000deb80000)
 PSPermGen       total 21504K, used 3489K [0x00000000b9600000, 0x00000000bab00000, 0x00000000c3c00000)
  object space 21504K, 16% used [0x00000000b9600000,0x00000000b99687e0,0x00000000bab00000)
Event: 21.003 GC heap after
Heap after GC invocations=19 (full 4):
 PSYoungGen      total 231936K, used 0K [0x00000000ebe80000, 0x00000000fda80000, 0x0000000100000000)
  eden space 230400K, 0% used [0x00000000ebe80000,0x00000000ebe80000,0x00000000f9f80000)
  from space 1536K, 0% used [0x00000000f9f80000,0x00000000f9f80000,0x00000000fa100000)
  to   space 1536K, 0% used [0x00000000fd900000,0x00000000fd900000,0x00000000fda80000)
 ParOldGen       total 441856K, used 304530K [0x00000000c3c00000, 0x00000000deb80000, 0x00000000ebe80000)
  object space 441856K, 68% used [0x00000000c3c00000,0x00000000d6564aa0,0x00000000deb80000)
 PSPermGen       total 21504K, used 3489K [0x00000000b9600000, 0x00000000bab00000, 0x00000000c3c00000)
  object space 21504K, 16% used [0x00000000b9600000,0x00000000b99687e0,0x00000000bab00000)
}
Event: 21.406 GC heap before
{Heap before GC invocations=20 (full 4):
 PSYoungGen      total 231936K, used 230400K [0x00000000ebe80000, 0x00000000fda80000, 0x0000000100000000)
  eden space 230400K, 100% used [0x00000000ebe80000,0x00000000f9f80000,0x00000000f9f80000)
  from space 1536K, 0% used [0x00000000f9f80000,0x00000000f9f80000,0x00000000fa100000)
  to   space 1536K, 0% used [0x00000000fd900000,0x00000000fd900000,0x00000000fda80000)
 ParOldGen       total 441856K, used 304530K [0x00000000c3c00000, 0x00000000deb80000, 0x00000000ebe80000)
  object space 441856K, 68% used [0x00000000c3c00000,0x00000000d6564aa0,0x00000000deb80000)
 PSPermGen       total 21504K, used 3489K [0x00000000b9600000, 0x00000000bab00000, 0x00000000c3c00000)
  object space 21504K, 16% used [0x00000000b9600000,0x00000000b99687e0,0x00000000bab00000)
Event: 21.652 GC heap after
Heap after GC invocations=20 (full 4):
 PSYoungGen      total 289280K, used 0K [0x00000000ebe80000, 0x00000000fe200000, 0x0000000100000000)
  eden space 287744K, 0% used [0x00000000ebe80000,0x00000000ebe80000,0x00000000fd780000)
  from space 1536K, 0% used [0x00000000fd900000,0x00000000fd900000,0x00000000fda80000)
  to   space 1536K, 0% used [0x00000000fd780000,0x00000000fd780000,0x00000000fd900000)
 ParOldGen       total 441856K, used 304530K [0x00000000c3c00000, 0x00000000deb80000, 0x00000000ebe80000)
  object space 441856K, 68% used [0x00000000c3c00000,0x00000000d6564aa0,0x00000000deb80000)
 PSPermGen       total 21504K, used 3489K [0x00000000b9600000, 0x00000000bab00000, 0x00000000c3c00000)
  object space 21504K, 16% used [0x00000000b9600000,0x00000000b99687e0,0x00000000bab00000)
}
Event: 22.681 GC heap before
{Heap before GC invocations=21 (full 5):
 PSYoungGen      total 289280K, used 287744K [0x00000000ebe80000, 0x00000000fe200000, 0x0000000100000000)
  eden space 287744K, 100% used [0x00000000ebe80000,0x00000000fd780000,0x00000000fd780000)
  from space 1536K, 0% used [0x00000000fd900000,0x00000000fd900000,0x00000000fda80000)
  to   space 1536K, 0% used [0x00000000fd780000,0x00000000fd780000,0x00000000fd900000)
 ParOldGen       total 657920K, used 578323K [0x00000000c3c00000, 0x00000000ebe80000, 0x00000000ebe80000)
  object space 657920K, 87% used [0x00000000c3c00000,0x00000000e70c4fa8,0x00000000ebe80000)
 PSPermGen       total 21504K, used 3489K [0x00000000b9600000, 0x00000000bab00000, 0x00000000c3c00000)
  object space 21504K, 16% used [0x00000000b9600000,0x00000000b99687e0,0x00000000bab00000)

