# JRE version: OpenJDK Runtime Environment (7.0_79-b14) (build 1.7.0_79-b14)
# Java VM: OpenJDK 64-Bit Server VM (24.79-b02 mixed mode linux-amd64 compressed oops)
Heap
 PSYoungGen      total 133632K, used 0K [0x00000000ebe80000, 0x00000000f6e00000, 0x0000000100000000)
  eden space 132096K, 0% used [0x00000000ebe80000,0x00000000ebe80000,0x00000000f3f80000)
  from space 1536K, 0% used [0x00000000f3f80000,0x00000000f3f80000,0x00000000f4100000)
  to   space 1536K, 0% used [0x00000000f6c80000,0x00000000f6c80000,0x00000000f6e00000)
 ParOldGen       total 218112K, used 171577K [0x00000000c3c00000, 0x00000000d1100000, 0x00000000ebe80000)
  object space 218112K, 78% used [0x00000000c3c00000,0x00000000ce38e760,0x00000000d1100000)
 PSPermGen       total 21504K, used 3489K [0x00000000b9600000, 0x00000000bab00000, 0x00000000c3c00000)
  object space 21504K, 16% used [0x00000000b9600000,0x00000000b99687e8,0x00000000bab00000)
GC Heap History (10 events):
Event: 19.381 GC heap after
Heap after GC invocations=9 (full 2):
 PSYoungGen      total 65536K, used 0K [0x00000000ebe80000, 0x00000000f3e80000, 0x0000000100000000)
  eden space 63488K, 0% used [0x00000000ebe80000,0x00000000ebe80000,0x00000000efc80000)
  from space 2048K, 0% used [0x00000000efc80000,0x00000000efc80000,0x00000000efe80000)
  to   space 2048K, 0% used [0x00000000f3c80000,0x00000000f3c80000,0x00000000f3e80000)
 ParOldGen       total 82432K, used 36371K [0x00000000c3c00000, 0x00000000c8c80000, 0x00000000ebe80000)
  object space 82432K, 44% used [0x00000000c3c00000,0x00000000c5f84d10,0x00000000c8c80000)
 PSPermGen       total 21504K, used 3489K [0x00000000b9600000, 0x00000000bab00000, 0x00000000c3c00000)
  object space 21504K, 16% used [0x00000000b9600000,0x00000000b99687e8,0x00000000bab00000)
}
Event: 19.526 GC heap before
{Heap before GC invocations=10 (full 2):
 PSYoungGen      total 65536K, used 63488K [0x00000000ebe80000, 0x00000000f3e80000, 0x0000000100000000)
  eden space 63488K, 100% used [0x00000000ebe80000,0x00000000efc80000,0x00000000efc80000)
  from space 2048K, 0% used [0x00000000efc80000,0x00000000efc80000,0x00000000efe80000)
  to   space 2048K, 0% used [0x00000000f3c80000,0x00000000f3c80000,0x00000000f3e80000)
 ParOldGen       total 82432K, used 36371K [0x00000000c3c00000, 0x00000000c8c80000, 0x00000000ebe80000)
  object space 82432K, 44% used [0x00000000c3c00000,0x00000000c5f84d10,0x00000000c8c80000)
 PSPermGen       total 21504K, used 3489K [0x00000000b9600000, 0x00000000bab00000, 0x00000000c3c00000)
  object space 21504K, 16% used [0x00000000b9600000,0x00000000b99687e8,0x00000000bab00000)
Event: 19.548 GC heap after
Heap after GC invocations=10 (full 2):
 PSYoungGen      total 98816K, used 0K [0x00000000ebe80000, 0x00000000f3d00000, 0x0000000100000000)
  eden space 98304K, 0% used [0x00000000ebe80000,0x00000000ebe80000,0x00000000f1e80000)
  from space 512K, 0% used [0x00000000f3c80000,0x00000000f3c80000,0x00000000f3d00000)
  to   space 2048K, 0% used [0x00000000f3900000,0x00000000f3900000,0x00000000f3b00000)
 ParOldGen       total 82432K, used 36371K [0x00000000c3c00000, 0x00000000c8c80000, 0x00000000ebe80000)
  object space 82432K, 44% used [0x00000000c3c00000,0x00000000c5f84d10,0x00000000c8c80000)
 PSPermGen       total 21504K, used 3489K [0x00000000b9600000, 0x00000000bab00000, 0x00000000c3c00000)
  object space 21504K, 16% used [0x00000000b9600000,0x00000000b99687e8,0x00000000bab00000)
}
Event: 19.724 GC heap before
{Heap before GC invocations=11 (full 2):
 PSYoungGen      total 98816K, used 98304K [0x00000000ebe80000, 0x00000000f3d00000, 0x0000000100000000)
  eden space 98304K, 100% used [0x00000000ebe80000,0x00000000f1e80000,0x00000000f1e80000)
  from space 512K, 0% used [0x00000000f3c80000,0x00000000f3c80000,0x00000000f3d00000)
  to   space 2048K, 0% used [0x00000000f3900000,0x00000000f3900000,0x00000000f3b00000)
 ParOldGen       total 82432K, used 36371K [0x00000000c3c00000, 0x00000000c8c80000, 0x00000000ebe80000)
  object space 82432K, 44% used [0x00000000c3c00000,0x00000000c5f84d10,0x00000000c8c80000)
 PSPermGen       total 21504K, used 3489K [0x00000000b9600000, 0x00000000bab00000, 0x00000000c3c00000)
  object space 21504K, 16% used [0x00000000b9600000,0x00000000b99687e8,0x00000000bab00000)
Event: 19.837 GC heap after
Heap after GC invocations=11 (full 2):
 PSYoungGen      total 127488K, used 0K [0x00000000ebe80000, 0x00000000f4300000, 0x0000000100000000)
  eden space 125440K, 0% used [0x00000000ebe80000,0x00000000ebe80000,0x00000000f3900000)
  from space 2048K, 0% used [0x00000000f3900000,0x00000000f3900000,0x00000000f3b00000)
  to   space 2048K, 0% used [0x00000000f4100000,0x00000000f4100000,0x00000000f4300000)
 ParOldGen       total 136704K, used 90453K [0x00000000c3c00000, 0x00000000cc180000, 0x00000000ebe80000)
  object space 136704K, 66% used [0x00000000c3c00000,0x00000000c9455798,0x00000000cc180000)
 PSPermGen       total 21504K, used 3489K [0x00000000b9600000, 0x00000000bab00000, 0x00000000c3c00000)
  object space 21504K, 16% used [0x00000000b9600000,0x00000000b99687e8,0x00000000bab00000)
}
Event: 20.198 GC heap before
{Heap before GC invocations=12 (full 2):
 PSYoungGen      total 127488K, used 125440K [0x00000000ebe80000, 0x00000000f4300000, 0x0000000100000000)
  eden space 125440K, 100% used [0x00000000ebe80000,0x00000000f3900000,0x00000000f3900000)
  from space 2048K, 0% used [0x00000000f3900000,0x00000000f3900000,0x00000000f3b00000)
  to   space 2048K, 0% used [0x00000000f4100000,0x00000000f4100000,0x00000000f4300000)
 ParOldGen       total 136704K, used 90453K [0x00000000c3c00000, 0x00000000cc180000, 0x00000000ebe80000)
  object space 136704K, 66% used [0x00000000c3c00000,0x00000000c9455798,0x00000000cc180000)
 PSPermGen       total 21504K, used 3489K [0x00000000b9600000, 0x00000000bab00000, 0x00000000c3c00000)
  object space 21504K, 16% used [0x00000000b9600000,0x00000000b99687e8,0x00000000bab00000)
Event: 20.255 GC heap after
Heap after GC invocations=12 (full 2):
 PSYoungGen      total 134144K, used 0K [0x00000000ebe80000, 0x00000000f6280000, 0x0000000100000000)
  eden space 132096K, 0% used [0x00000000ebe80000,0x00000000ebe80000,0x00000000f3f80000)
  from space 2048K, 0% used [0x00000000f4100000,0x00000000f4100000,0x00000000f4300000)
  to   space 1536K, 0% used [0x00000000f3f80000,0x00000000f3f80000,0x00000000f4100000)
 ParOldGen       total 136704K, used 90453K [0x00000000c3c00000, 0x00000000cc180000, 0x00000000ebe80000)
  object space 136704K, 66% used [0x00000000c3c00000,0x00000000c9455798,0x00000000cc180000)
 PSPermGen       total 21504K, used 3489K [0x00000000b9600000, 0x00000000bab00000, 0x00000000c3c00000)
  object space 21504K, 16% used [0x00000000b9600000,0x00000000b99687e8,0x00000000bab00000)
}
Event: 20.463 GC heap before
{Heap before GC invocations=13 (full 2):
 PSYoungGen      total 134144K, used 132096K [0x00000000ebe80000, 0x00000000f6280000, 0x0000000100000000)
  eden space 132096K, 100% used [0x00000000ebe80000,0x00000000f3f80000,0x00000000f3f80000)
  from space 2048K, 0% used [0x00000000f4100000,0x00000000f4100000,0x00000000f4300000)
  to   space 1536K, 0% used [0x00000000f3f80000,0x00000000f3f80000,0x00000000f4100000)
 ParOldGen       total 136704K, used 90453K [0x00000000c3c00000, 0x00000000cc180000, 0x00000000ebe80000)
  object space 136704K, 66% used [0x00000000c3c00000,0x00000000c9455798,0x00000000cc180000)
 PSPermGen       total 21504K, used 3489K [0x00000000b9600000, 0x00000000bab00000, 0x00000000c3c00000)
  object space 21504K, 16% used [0x00000000b9600000,0x00000000b99687e8,0x00000000bab00000)
Event: 20.649 GC heap after
Heap after GC invocations=13 (full 2):
 PSYoungGen      total 133632K, used 0K [0x00000000ebe80000, 0x00000000f6e00000, 0x0000000100000000)
  eden space 132096K, 0% used [0x00000000ebe80000,0x00000000ebe80000,0x00000000f3f80000)
  from space 1536K, 0% used [0x00000000f3f80000,0x00000000f3f80000,0x00000000f4100000)
  to   space 1536K, 0% used [0x00000000f6c80000,0x00000000f6c80000,0x00000000f6e00000)
 ParOldGen       total 218112K, used 171577K [0x00000000c3c00000, 0x00000000d1100000, 0x00000000ebe80000)
  object space 218112K, 78% used [0x00000000c3c00000,0x00000000ce38e760,0x00000000d1100000)
 PSPermGen       total 21504K, used 3489K [0x00000000b9600000, 0x00000000bab00000, 0x00000000c3c00000)
  object space 21504K, 16% used [0x00000000b9600000,0x00000000b99687e8,0x00000000bab00000)
}
Event: 20.649 GC heap before
{Heap before GC invocations=14 (full 3):
 PSYoungGen      total 133632K, used 0K [0x00000000ebe80000, 0x00000000f6e00000, 0x0000000100000000)
  eden space 132096K, 0% used [0x00000000ebe80000,0x00000000ebe80000,0x00000000f3f80000)
  from space 1536K, 0% used [0x00000000f3f80000,0x00000000f3f80000,0x00000000f4100000)
  to   space 1536K, 0% used [0x00000000f6c80000,0x00000000f6c80000,0x00000000f6e00000)
 ParOldGen       total 218112K, used 171577K [0x00000000c3c00000, 0x00000000d1100000, 0x00000000ebe80000)
  object space 218112K, 78% used [0x00000000c3c00000,0x00000000ce38e760,0x00000000d1100000)
 PSPermGen       total 21504K, used 3489K [0x00000000b9600000, 0x00000000bab00000, 0x00000000c3c00000)
  object space 21504K, 16% used [0x00000000b9600000,0x00000000b99687e8,0x00000000bab00000)

