# JRE version: OpenJDK Runtime Environment (7.0_79-b14) (build 1.7.0_79-b14)
# Java VM: OpenJDK 64-Bit Server VM (24.79-b02 mixed mode linux-amd64 compressed oops)
Heap
 PSYoungGen      total 65536K, used 0K [0x00000000ebe80000, 0x00000000f3e80000, 0x0000000100000000)
  eden space 63488K, 0% used [0x00000000ebe80000,0x00000000ebe80000,0x00000000efc80000)
  from space 2048K, 0% used [0x00000000efc80000,0x00000000efc80000,0x00000000efe80000)
  to   space 2048K, 0% used [0x00000000f3c80000,0x00000000f3c80000,0x00000000f3e80000)
 ParOldGen       total 81408K, used 66103K [0x00000000c3c00000, 0x00000000c8b80000, 0x00000000ebe80000)
  object space 81408K, 81% used [0x00000000c3c00000,0x00000000c7c8dee8,0x00000000c8b80000)
 PSPermGen       total 21504K, used 3490K [0x00000000b9600000, 0x00000000bab00000, 0x00000000c3c00000)
  object space 21504K, 16% used [0x00000000b9600000,0x00000000b9968bf0,0x00000000bab00000)
GC Heap History (10 events):
Event: 16.445 GC heap after
Heap after GC invocations=3 (full 0):
 PSYoungGen      total 18432K, used 384K [0x00000000ebe80000, 0x00000000ee280000, 0x0000000100000000)
  eden space 15872K, 0% used [0x00000000ebe80000,0x00000000ebe80000,0x00000000ece00000)
  from space 2560K, 15% used [0x00000000ece00000,0x00000000ece60000,0x00000000ed080000)
  to   space 2560K, 0% used [0x00000000ee000000,0x00000000ee000000,0x00000000ee280000)
 ParOldGen       total 40960K, used 7913K [0x00000000c3c00000, 0x00000000c6400000, 0x00000000ebe80000)
  object space 40960K, 19% used [0x00000000c3c00000,0x00000000c43ba578,0x00000000c6400000)
 PSPermGen       total 21504K, used 3490K [0x00000000b9600000, 0x00000000bab00000, 0x00000000c3c00000)
  object space 21504K, 16% used [0x00000000b9600000,0x00000000b9968bf0,0x00000000bab00000)
}
Event: 16.478 GC heap before
{Heap before GC invocations=4 (full 0):
 PSYoungGen      total 18432K, used 16256K [0x00000000ebe80000, 0x00000000ee280000, 0x0000000100000000)
  eden space 15872K, 100% used [0x00000000ebe80000,0x00000000ece00000,0x00000000ece00000)
  from space 2560K, 15% used [0x00000000ece00000,0x00000000ece60000,0x00000000ed080000)
  to   space 2560K, 0% used [0x00000000ee000000,0x00000000ee000000,0x00000000ee280000)
 ParOldGen       total 40960K, used 7913K [0x00000000c3c00000, 0x00000000c6400000, 0x00000000ebe80000)
  object space 40960K, 19% used [0x00000000c3c00000,0x00000000c43ba578,0x00000000c6400000)
 PSPermGen       total 21504K, used 3490K [0x00000000b9600000, 0x00000000bab00000, 0x00000000c3c00000)
  object space 21504K, 16% used [0x00000000b9600000,0x00000000b9968bf0,0x00000000bab00000)
Event: 16.567 GC heap after
Heap after GC invocations=4 (full 0):
 PSYoungGen      total 34304K, used 368K [0x00000000ebe80000, 0x00000000ee280000, 0x0000000100000000)
  eden space 31744K, 0% used [0x00000000ebe80000,0x00000000ebe80000,0x00000000edd80000)
  from space 2560K, 14% used [0x00000000ee000000,0x00000000ee05c010,0x00000000ee280000)
  to   space 2560K, 0% used [0x00000000edd80000,0x00000000edd80000,0x00000000ee000000)
 ParOldGen       total 40960K, used 15035K [0x00000000c3c00000, 0x00000000c6400000, 0x00000000ebe80000)
  object space 40960K, 36% used [0x00000000c3c00000,0x00000000c4aaed80,0x00000000c6400000)
 PSPermGen       total 21504K, used 3490K [0x00000000b9600000, 0x00000000bab00000, 0x00000000c3c00000)
  object space 21504K, 16% used [0x00000000b9600000,0x00000000b9968bf0,0x00000000bab00000)
}
Event: 16.633 GC heap before
{Heap before GC invocations=5 (full 0):
 PSYoungGen      total 34304K, used 32112K [0x00000000ebe80000, 0x00000000ee280000, 0x0000000100000000)
  eden space 31744K, 100% used [0x00000000ebe80000,0x00000000edd80000,0x00000000edd80000)
  from space 2560K, 14% used [0x00000000ee000000,0x00000000ee05c010,0x00000000ee280000)
  to   space 2560K, 0% used [0x00000000edd80000,0x00000000edd80000,0x00000000ee000000)
 ParOldGen       total 40960K, used 15035K [0x00000000c3c00000, 0x00000000c6400000, 0x00000000ebe80000)
  object space 40960K, 36% used [0x00000000c3c00000,0x00000000c4aaed80,0x00000000c6400000)
 PSPermGen       total 21504K, used 3490K [0x00000000b9600000, 0x00000000bab00000, 0x00000000c3c00000)
  object space 21504K, 16% used [0x00000000b9600000,0x00000000b9968bf0,0x00000000bab00000)
Event: 16.693 GC heap after
Heap after GC invocations=5 (full 0):
 PSYoungGen      total 34304K, used 336K [0x00000000ebe80000, 0x00000000f0080000, 0x0000000100000000)
  eden space 31744K, 0% used [0x00000000ebe80000,0x00000000ebe80000,0x00000000edd80000)
  from space 2560K, 13% used [0x00000000edd80000,0x00000000eddd4010,0x00000000ee000000)
  to   space 2048K, 0% used [0x00000000efe80000,0x00000000efe80000,0x00000000f0080000)
 ParOldGen       total 40960K, used 25718K [0x00000000c3c00000, 0x00000000c6400000, 0x00000000ebe80000)
  object space 40960K, 62% used [0x00000000c3c00000,0x00000000c551d988,0x00000000c6400000)
 PSPermGen       total 21504K, used 3490K [0x00000000b9600000, 0x00000000bab00000, 0x00000000c3c00000)
  object space 21504K, 16% used [0x00000000b9600000,0x00000000b9968bf0,0x00000000bab00000)
}
Event: 16.792 GC heap before
{Heap before GC invocations=6 (full 0):
 PSYoungGen      total 34304K, used 32080K [0x00000000ebe80000, 0x00000000f0080000, 0x0000000100000000)
  eden space 31744K, 100% used [0x00000000ebe80000,0x00000000edd80000,0x00000000edd80000)
  from space 2560K, 13% used [0x00000000edd80000,0x00000000eddd4010,0x00000000ee000000)
  to   space 2048K, 0% used [0x00000000efe80000,0x00000000efe80000,0x00000000f0080000)
 ParOldGen       total 57344K, used 41742K [0x00000000c3c00000, 0x00000000c7400000, 0x00000000ebe80000)
  object space 57344K, 72% used [0x00000000c3c00000,0x00000000c64c3b88,0x00000000c7400000)
 PSPermGen       total 21504K, used 3490K [0x00000000b9600000, 0x00000000bab00000, 0x00000000c3c00000)
  object space 21504K, 16% used [0x00000000b9600000,0x00000000b9968bf0,0x00000000bab00000)
Event: 16.863 GC heap after
Heap after GC invocations=6 (full 0):
 PSYoungGen      total 65536K, used 336K [0x00000000ebe80000, 0x00000000f0080000, 0x0000000100000000)
  eden space 63488K, 0% used [0x00000000ebe80000,0x00000000ebe80000,0x00000000efc80000)
  from space 2048K, 16% used [0x00000000efe80000,0x00000000efed4010,0x00000000f0080000)
  to   space 2048K, 0% used [0x00000000efc80000,0x00000000efc80000,0x00000000efe80000)
 ParOldGen       total 57344K, used 41742K [0x00000000c3c00000, 0x00000000c7400000, 0x00000000ebe80000)
  object space 57344K, 72% used [0x00000000c3c00000,0x00000000c64c3b88,0x00000000c7400000)
 PSPermGen       total 21504K, used 3490K [0x00000000b9600000, 0x00000000bab00000, 0x00000000c3c00000)
  object space 21504K, 16% used [0x00000000b9600000,0x00000000b9968bf0,0x00000000bab00000)
}
Event: 16.994 GC heap before
{Heap before GC invocations=7 (full 0):
 PSYoungGen      total 65536K, used 63824K [0x00000000ebe80000, 0x00000000f0080000, 0x0000000100000000)
  eden space 63488K, 100% used [0x00000000ebe80000,0x00000000efc80000,0x00000000efc80000)
  from space 2048K, 16% used [0x00000000efe80000,0x00000000efed4010,0x00000000f0080000)
  to   space 2048K, 0% used [0x00000000efc80000,0x00000000efc80000,0x00000000efe80000)
 ParOldGen       total 57344K, used 41742K [0x00000000c3c00000, 0x00000000c7400000, 0x00000000ebe80000)
  object space 57344K, 72% used [0x00000000c3c00000,0x00000000c64c3b88,0x00000000c7400000)
 PSPermGen       total 21504K, used 3490K [0x00000000b9600000, 0x00000000bab00000, 0x00000000c3c00000)
  object space 21504K, 16% used [0x00000000b9600000,0x00000000b9968bf0,0x00000000bab00000)
Event: 17.106 GC heap after
Heap after GC invocations=7 (full 0):
 PSYoungGen      total 65536K, used 0K [0x00000000ebe80000, 0x00000000f3e80000, 0x0000000100000000)
  eden space 63488K, 0% used [0x00000000ebe80000,0x00000000ebe80000,0x00000000efc80000)
  from space 2048K, 0% used [0x00000000efc80000,0x00000000efc80000,0x00000000efe80000)
  to   space 2048K, 0% used [0x00000000f3c80000,0x00000000f3c80000,0x00000000f3e80000)
 ParOldGen       total 81408K, used 66103K [0x00000000c3c00000, 0x00000000c8b80000, 0x00000000ebe80000)
  object space 81408K, 81% used [0x00000000c3c00000,0x00000000c7c8dee8,0x00000000c8b80000)
 PSPermGen       total 21504K, used 3490K [0x00000000b9600000, 0x00000000bab00000, 0x00000000c3c00000)
  object space 21504K, 16% used [0x00000000b9600000,0x00000000b9968bf0,0x00000000bab00000)
}
Event: 17.106 GC heap before
{Heap before GC invocations=8 (full 1):
 PSYoungGen      total 65536K, used 0K [0x00000000ebe80000, 0x00000000f3e80000, 0x0000000100000000)
  eden space 63488K, 0% used [0x00000000ebe80000,0x00000000ebe80000,0x00000000efc80000)
  from space 2048K, 0% used [0x00000000efc80000,0x00000000efc80000,0x00000000efe80000)
  to   space 2048K, 0% used [0x00000000f3c80000,0x00000000f3c80000,0x00000000f3e80000)
 ParOldGen       total 81408K, used 66103K [0x00000000c3c00000, 0x00000000c8b80000, 0x00000000ebe80000)
  object space 81408K, 81% used [0x00000000c3c00000,0x00000000c7c8dee8,0x00000000c8b80000)
 PSPermGen       total 21504K, used 3490K [0x00000000b9600000, 0x00000000bab00000, 0x00000000c3c00000)
  object space 21504K, 16% used [0x00000000b9600000,0x00000000b9968bf0,0x00000000bab00000)

