# JRE version: OpenJDK Runtime Environment (7.0_79-b14) (build 1.7.0_79-b14)
# Java VM: OpenJDK 64-Bit Server VM (24.79-b02 mixed mode linux-amd64 compressed oops)
Heap
 PSYoungGen      total 137216K, used 0K [0x00000000ebe80000, 0x00000000f7400000, 0x0000000100000000)
  eden space 135168K, 0% used [0x00000000ebe80000,0x00000000ebe80000,0x00000000f4280000)
  from space 2048K, 0% used [0x00000000f4280000,0x00000000f4280000,0x00000000f4480000)
  to   space 1536K, 0% used [0x00000000f7280000,0x00000000f7280000,0x00000000f7400000)
 ParOldGen       total 218112K, used 171582K [0x00000000c3c00000, 0x00000000d1100000, 0x00000000ebe80000)
  object space 218112K, 78% used [0x00000000c3c00000,0x00000000ce38fa18,0x00000000d1100000)
 PSPermGen       total 21504K, used 3493K [0x00000000b9600000, 0x00000000bab00000, 0x00000000c3c00000)
  object space 21504K, 16% used [0x00000000b9600000,0x00000000b9969780,0x00000000bab00000)
GC Heap History (10 events):
Event: 25.580 GC heap after
Heap after GC invocations=9 (full 2):
 PSYoungGen      total 65536K, used 0K [0x00000000ebe80000, 0x00000000f3e80000, 0x0000000100000000)
  eden space 63488K, 0% used [0x00000000ebe80000,0x00000000ebe80000,0x00000000efc80000)
  from space 2048K, 0% used [0x00000000efc80000,0x00000000efc80000,0x00000000efe80000)
  to   space 2048K, 0% used [0x00000000f3c80000,0x00000000f3c80000,0x00000000f3e80000)
 ParOldGen       total 82432K, used 36375K [0x00000000c3c00000, 0x00000000c8c80000, 0x00000000ebe80000)
  object space 82432K, 44% used [0x00000000c3c00000,0x00000000c5f85fc8,0x00000000c8c80000)
 PSPermGen       total 21504K, used 3493K [0x00000000b9600000, 0x00000000bab00000, 0x00000000c3c00000)
  object space 21504K, 16% used [0x00000000b9600000,0x00000000b9969780,0x00000000bab00000)
}
Event: 25.798 GC heap before
{Heap before GC invocations=10 (full 2):
 PSYoungGen      total 65536K, used 63488K [0x00000000ebe80000, 0x00000000f3e80000, 0x0000000100000000)
  eden space 63488K, 100% used [0x00000000ebe80000,0x00000000efc80000,0x00000000efc80000)
  from space 2048K, 0% used [0x00000000efc80000,0x00000000efc80000,0x00000000efe80000)
  to   space 2048K, 0% used [0x00000000f3c80000,0x00000000f3c80000,0x00000000f3e80000)
 ParOldGen       total 82432K, used 36375K [0x00000000c3c00000, 0x00000000c8c80000, 0x00000000ebe80000)
  object space 82432K, 44% used [0x00000000c3c00000,0x00000000c5f85fc8,0x00000000c8c80000)
 PSPermGen       total 21504K, used 3493K [0x00000000b9600000, 0x00000000bab00000, 0x00000000c3c00000)
  object space 21504K, 16% used [0x00000000b9600000,0x00000000b9969780,0x00000000bab00000)
Event: 25.823 GC heap after
Heap after GC invocations=10 (full 2):
 PSYoungGen      total 100352K, used 0K [0x00000000ebe80000, 0x00000000f3d00000, 0x0000000100000000)
  eden space 99840K, 0% used [0x00000000ebe80000,0x00000000ebe80000,0x00000000f2000000)
  from space 512K, 0% used [0x00000000f3c80000,0x00000000f3c80000,0x00000000f3d00000)
  to   space 2048K, 0% used [0x00000000f3900000,0x00000000f3900000,0x00000000f3b00000)
 ParOldGen       total 82432K, used 36375K [0x00000000c3c00000, 0x00000000c8c80000, 0x00000000ebe80000)
  object space 82432K, 44% used [0x00000000c3c00000,0x00000000c5f85fc8,0x00000000c8c80000)
 PSPermGen       total 21504K, used 3493K [0x00000000b9600000, 0x00000000bab00000, 0x00000000c3c00000)
  object space 21504K, 16% used [0x00000000b9600000,0x00000000b9969780,0x00000000bab00000)
}
Event: 26.134 GC heap before
{Heap before GC invocations=11 (full 2):
 PSYoungGen      total 100352K, used 99840K [0x00000000ebe80000, 0x00000000f3d00000, 0x0000000100000000)
  eden space 99840K, 100% used [0x00000000ebe80000,0x00000000f2000000,0x00000000f2000000)
  from space 512K, 0% used [0x00000000f3c80000,0x00000000f3c80000,0x00000000f3d00000)
  to   space 2048K, 0% used [0x00000000f3900000,0x00000000f3900000,0x00000000f3b00000)
 ParOldGen       total 82432K, used 36375K [0x00000000c3c00000, 0x00000000c8c80000, 0x00000000ebe80000)
  object space 82432K, 44% used [0x00000000c3c00000,0x00000000c5f85fc8,0x00000000c8c80000)
 PSPermGen       total 21504K, used 3493K [0x00000000b9600000, 0x00000000bab00000, 0x00000000c3c00000)
  object space 21504K, 16% used [0x00000000b9600000,0x00000000b9969780,0x00000000bab00000)
Event: 26.320 GC heap after
Heap after GC invocations=11 (full 2):
 PSYoungGen      total 127488K, used 0K [0x00000000ebe80000, 0x00000000f4680000, 0x0000000100000000)
  eden space 125440K, 0% used [0x00000000ebe80000,0x00000000ebe80000,0x00000000f3900000)
  from space 2048K, 0% used [0x00000000f3900000,0x00000000f3900000,0x00000000f3b00000)
  to   space 2048K, 0% used [0x00000000f4480000,0x00000000f4480000,0x00000000f4680000)
 ParOldGen       total 136704K, used 90458K [0x00000000c3c00000, 0x00000000cc180000, 0x00000000ebe80000)
  object space 136704K, 66% used [0x00000000c3c00000,0x00000000c9456a50,0x00000000cc180000)
 PSPermGen       total 21504K, used 3493K [0x00000000b9600000, 0x00000000bab00000, 0x00000000c3c00000)
  object space 21504K, 16% used [0x00000000b9600000,0x00000000b9969780,0x00000000bab00000)
}
Event: 26.824 GC heap before
{Heap before GC invocations=12 (full 2):
 PSYoungGen      total 127488K, used 125440K [0x00000000ebe80000, 0x00000000f4680000, 0x0000000100000000)
  eden space 125440K, 100% used [0x00000000ebe80000,0x00000000f3900000,0x00000000f3900000)
  from space 2048K, 0% used [0x00000000f3900000,0x00000000f3900000,0x00000000f3b00000)
  to   space 2048K, 0% used [0x00000000f4480000,0x00000000f4480000,0x00000000f4680000)
 ParOldGen       total 136704K, used 90458K [0x00000000c3c00000, 0x00000000cc180000, 0x00000000ebe80000)
  object space 136704K, 66% used [0x00000000c3c00000,0x00000000c9456a50,0x00000000cc180000)
 PSPermGen       total 21504K, used 3493K [0x00000000b9600000, 0x00000000bab00000, 0x00000000c3c00000)
  object space 21504K, 16% used [0x00000000b9600000,0x00000000b9969780,0x00000000bab00000)
Event: 26.859 GC heap after
Heap after GC invocations=12 (full 2):
 PSYoungGen      total 137216K, used 0K [0x00000000ebe80000, 0x00000000f6400000, 0x0000000100000000)
  eden space 135168K, 0% used [0x00000000ebe80000,0x00000000ebe80000,0x00000000f4280000)
  from space 2048K, 0% used [0x00000000f4480000,0x00000000f4480000,0x00000000f4680000)
  to   space 2048K, 0% used [0x00000000f4280000,0x00000000f4280000,0x00000000f4480000)
 ParOldGen       total 136704K, used 90458K [0x00000000c3c00000, 0x00000000cc180000, 0x00000000ebe80000)
  object space 136704K, 66% used [0x00000000c3c00000,0x00000000c9456a50,0x00000000cc180000)
 PSPermGen       total 21504K, used 3493K [0x00000000b9600000, 0x00000000bab00000, 0x00000000c3c00000)
  object space 21504K, 16% used [0x00000000b9600000,0x00000000b9969780,0x00000000bab00000)
}
Event: 27.148 GC heap before
{Heap before GC invocations=13 (full 2):
 PSYoungGen      total 137216K, used 135168K [0x00000000ebe80000, 0x00000000f6400000, 0x0000000100000000)
  eden space 135168K, 100% used [0x00000000ebe80000,0x00000000f4280000,0x00000000f4280000)
  from space 2048K, 0% used [0x00000000f4480000,0x00000000f4480000,0x00000000f4680000)
  to   space 2048K, 0% used [0x00000000f4280000,0x00000000f4280000,0x00000000f4480000)
 ParOldGen       total 136704K, used 90458K [0x00000000c3c00000, 0x00000000cc180000, 0x00000000ebe80000)
  object space 136704K, 66% used [0x00000000c3c00000,0x00000000c9456a50,0x00000000cc180000)
 PSPermGen       total 21504K, used 3493K [0x00000000b9600000, 0x00000000bab00000, 0x00000000c3c00000)
  object space 21504K, 16% used [0x00000000b9600000,0x00000000b9969780,0x00000000bab00000)
Event: 27.436 GC heap after
Heap after GC invocations=13 (full 2):
 PSYoungGen      total 137216K, used 0K [0x00000000ebe80000, 0x00000000f7400000, 0x0000000100000000)
  eden space 135168K, 0% used [0x00000000ebe80000,0x00000000ebe80000,0x00000000f4280000)
  from space 2048K, 0% used [0x00000000f4280000,0x00000000f4280000,0x00000000f4480000)
  to   space 1536K, 0% used [0x00000000f7280000,0x00000000f7280000,0x00000000f7400000)
 ParOldGen       total 218112K, used 171582K [0x00000000c3c00000, 0x00000000d1100000, 0x00000000ebe80000)
  object space 218112K, 78% used [0x00000000c3c00000,0x00000000ce38fa18,0x00000000d1100000)
 PSPermGen       total 21504K, used 3493K [0x00000000b9600000, 0x00000000bab00000, 0x00000000c3c00000)
  object space 21504K, 16% used [0x00000000b9600000,0x00000000b9969780,0x00000000bab00000)
}
Event: 27.436 GC heap before
{Heap before GC invocations=14 (full 3):
 PSYoungGen      total 137216K, used 0K [0x00000000ebe80000, 0x00000000f7400000, 0x0000000100000000)
  eden space 135168K, 0% used [0x00000000ebe80000,0x00000000ebe80000,0x00000000f4280000)
  from space 2048K, 0% used [0x00000000f4280000,0x00000000f4280000,0x00000000f4480000)
  to   space 1536K, 0% used [0x00000000f7280000,0x00000000f7280000,0x00000000f7400000)
 ParOldGen       total 218112K, used 171582K [0x00000000c3c00000, 0x00000000d1100000, 0x00000000ebe80000)
  object space 218112K, 78% used [0x00000000c3c00000,0x00000000ce38fa18,0x00000000d1100000)
 PSPermGen       total 21504K, used 3493K [0x00000000b9600000, 0x00000000bab00000, 0x00000000c3c00000)
  object space 21504K, 16% used [0x00000000b9600000,0x00000000b9969780,0x00000000bab00000)

