# JRE version: OpenJDK Runtime Environment (7.0_79-b14) (build 1.7.0_79-b14)
# Java VM: OpenJDK 64-Bit Server VM (24.79-b02 mixed mode linux-amd64 compressed oops)
Heap
 PSYoungGen      total 291328K, used 289792K [0x00000000ebe80000, 0x00000000fdf00000, 0x0000000100000000)
  eden space 289792K, 100% used [0x00000000ebe80000,0x00000000fd980000,0x00000000fd980000)
  from space 1536K, 0% used [0x00000000fdb00000,0x00000000fdb00000,0x00000000fdc80000)
  to   space 1536K, 0% used [0x00000000fd980000,0x00000000fd980000,0x00000000fdb00000)
 ParOldGen       total 657920K, used 578328K [0x00000000c3c00000, 0x00000000ebe80000, 0x00000000ebe80000)
  object space 657920K, 87% used [0x00000000c3c00000,0x00000000e70c6318,0x00000000ebe80000)
 PSPermGen       total 21504K, used 3494K [0x00000000b9600000, 0x00000000bab00000, 0x00000000c3c00000)
  object space 21504K, 16% used [0x00000000b9600000,0x00000000b9969818,0x00000000bab00000)
GC Heap History (10 events):
Event: 27.731 GC heap after
Heap after GC invocations=16 (full 3):
 PSYoungGen      total 179200K, used 0K [0x00000000ebe80000, 0x00000000fa700000, 0x0000000100000000)
  eden space 177664K, 0% used [0x00000000ebe80000,0x00000000ebe80000,0x00000000f6c00000)
  from space 1536K, 0% used [0x00000000f6c00000,0x00000000f6c00000,0x00000000f6d80000)
  to   space 1536K, 0% used [0x00000000fa580000,0x00000000fa580000,0x00000000fa700000)
 ParOldGen       total 296960K, used 203130K [0x00000000c3c00000, 0x00000000d5e00000, 0x00000000ebe80000)
  object space 296960K, 68% used [0x00000000c3c00000,0x00000000d025ea78,0x00000000d5e00000)
 PSPermGen       total 21504K, used 3494K [0x00000000b9600000, 0x00000000bab00000, 0x00000000c3c00000)
  object space 21504K, 16% used [0x00000000b9600000,0x00000000b9969818,0x00000000bab00000)
}
Event: 27.731 GC heap before
{Heap before GC invocations=17 (full 4):
 PSYoungGen      total 179200K, used 0K [0x00000000ebe80000, 0x00000000fa700000, 0x0000000100000000)
  eden space 177664K, 0% used [0x00000000ebe80000,0x00000000ebe80000,0x00000000f6c00000)
  from space 1536K, 0% used [0x00000000f6c00000,0x00000000f6c00000,0x00000000f6d80000)
  to   space 1536K, 0% used [0x00000000fa580000,0x00000000fa580000,0x00000000fa700000)
 ParOldGen       total 296960K, used 203130K [0x00000000c3c00000, 0x00000000d5e00000, 0x00000000ebe80000)
  object space 296960K, 68% used [0x00000000c3c00000,0x00000000d025ea78,0x00000000d5e00000)
 PSPermGen       total 21504K, used 3494K [0x00000000b9600000, 0x00000000bab00000, 0x00000000c3c00000)
  object space 21504K, 16% used [0x00000000b9600000,0x00000000b9969818,0x00000000bab00000)
Event: 28.343 GC heap after
Heap after GC invocations=17 (full 4):
 PSYoungGen      total 179200K, used 0K [0x00000000ebe80000, 0x00000000fa700000, 0x0000000100000000)
  eden space 177664K, 0% used [0x00000000ebe80000,0x00000000ebe80000,0x00000000f6c00000)
  from space 1536K, 0% used [0x00000000f6c00000,0x00000000f6c00000,0x00000000f6d80000)
  to   space 1536K, 0% used [0x00000000fa580000,0x00000000fa580000,0x00000000fa700000)
 ParOldGen       total 258048K, used 122006K [0x00000000c3c00000, 0x00000000d3800000, 0x00000000ebe80000)
  object space 258048K, 47% used [0x00000000c3c00000,0x00000000cb325ab0,0x00000000d3800000)
 PSPermGen       total 21504K, used 3494K [0x00000000b9600000, 0x00000000bab00000, 0x00000000c3c00000)
  object space 21504K, 16% used [0x00000000b9600000,0x00000000b9969818,0x00000000bab00000)
}
Event: 29.041 GC heap before
{Heap before GC invocations=18 (full 4):
 PSYoungGen      total 179200K, used 177664K [0x00000000ebe80000, 0x00000000fa700000, 0x0000000100000000)
  eden space 177664K, 100% used [0x00000000ebe80000,0x00000000f6c00000,0x00000000f6c00000)
  from space 1536K, 0% used [0x00000000f6c00000,0x00000000f6c00000,0x00000000f6d80000)
  to   space 1536K, 0% used [0x00000000fa580000,0x00000000fa580000,0x00000000fa700000)
 ParOldGen       total 258048K, used 122006K [0x00000000c3c00000, 0x00000000d3800000, 0x00000000ebe80000)
  object space 258048K, 47% used [0x00000000c3c00000,0x00000000cb325ab0,0x00000000d3800000)
 PSPermGen       total 21504K, used 3494K [0x00000000b9600000, 0x00000000bab00000, 0x00000000c3c00000)
  object space 21504K, 16% used [0x00000000b9600000,0x00000000b9969818,0x00000000bab00000)
Event: 29.116 GC heap after
Heap after GC invocations=18 (full 4):
 PSYoungGen      total 229888K, used 0K [0x00000000ebe80000, 0x00000000fa600000, 0x0000000100000000)
  eden space 229376K, 0% used [0x00000000ebe80000,0x00000000ebe80000,0x00000000f9e80000)
  from space 512K, 0% used [0x00000000fa580000,0x00000000fa580000,0x00000000fa600000)
  to   space 1536K, 0% used [0x00000000fa300000,0x00000000fa300000,0x00000000fa480000)
 ParOldGen       total 258048K, used 122006K [0x00000000c3c00000, 0x00000000d3800000, 0x00000000ebe80000)
  object space 258048K, 47% used [0x00000000c3c00000,0x00000000cb325ab0,0x00000000d3800000)
 PSPermGen       total 21504K, used 3494K [0x00000000b9600000, 0x00000000bab00000, 0x00000000c3c00000)
  object space 21504K, 16% used [0x00000000b9600000,0x00000000b9969818,0x00000000bab00000)
}
Event: 30.461 GC heap before
{Heap before GC invocations=19 (full 4):
 PSYoungGen      total 229888K, used 229376K [0x00000000ebe80000, 0x00000000fa600000, 0x0000000100000000)
  eden space 229376K, 100% used [0x00000000ebe80000,0x00000000f9e80000,0x00000000f9e80000)
  from space 512K, 0% used [0x00000000fa580000,0x00000000fa580000,0x00000000fa600000)
  to   space 1536K, 0% used [0x00000000fa300000,0x00000000fa300000,0x00000000fa480000)
 ParOldGen       total 440832K, used 304535K [0x00000000c3c00000, 0x00000000dea80000, 0x00000000ebe80000)
  object space 440832K, 69% used [0x00000000c3c00000,0x00000000d6565e10,0x00000000dea80000)
 PSPermGen       total 21504K, used 3494K [0x00000000b9600000, 0x00000000bab00000, 0x00000000c3c00000)
  object space 21504K, 16% used [0x00000000b9600000,0x00000000b9969818,0x00000000bab00000)
Event: 30.567 GC heap after
Heap after GC invocations=19 (full 4):
 PSYoungGen      total 235520K, used 0K [0x00000000ebe80000, 0x00000000fdc80000, 0x0000000100000000)
  eden space 233984K, 0% used [0x00000000ebe80000,0x00000000ebe80000,0x00000000fa300000)
  from space 1536K, 0% used [0x00000000fa300000,0x00000000fa300000,0x00000000fa480000)
  to   space 1536K, 0% used [0x00000000fdb00000,0x00000000fdb00000,0x00000000fdc80000)
 ParOldGen       total 440832K, used 304535K [0x00000000c3c00000, 0x00000000dea80000, 0x00000000ebe80000)
  object space 440832K, 69% used [0x00000000c3c00000,0x00000000d6565e10,0x00000000dea80000)
 PSPermGen       total 21504K, used 3494K [0x00000000b9600000, 0x00000000bab00000, 0x00000000c3c00000)
  object space 21504K, 16% used [0x00000000b9600000,0x00000000b9969818,0x00000000bab00000)
}
Event: 31.496 GC heap before
{Heap before GC invocations=20 (full 4):
 PSYoungGen      total 235520K, used 233984K [0x00000000ebe80000, 0x00000000fdc80000, 0x0000000100000000)
  eden space 233984K, 100% used [0x00000000ebe80000,0x00000000fa300000,0x00000000fa300000)
  from space 1536K, 0% used [0x00000000fa300000,0x00000000fa300000,0x00000000fa480000)
  to   space 1536K, 0% used [0x00000000fdb00000,0x00000000fdb00000,0x00000000fdc80000)
 ParOldGen       total 440832K, used 304535K [0x00000000c3c00000, 0x00000000dea80000, 0x00000000ebe80000)
  object space 440832K, 69% used [0x00000000c3c00000,0x00000000d6565e10,0x00000000dea80000)
 PSPermGen       total 21504K, used 3494K [0x00000000b9600000, 0x00000000bab00000, 0x00000000c3c00000)
  object space 21504K, 16% used [0x00000000b9600000,0x00000000b9969818,0x00000000bab00000)
Event: 31.614 GC heap after
Heap after GC invocations=20 (full 4):
 PSYoungGen      total 291328K, used 0K [0x00000000ebe80000, 0x00000000fdf00000, 0x0000000100000000)
  eden space 289792K, 0% used [0x00000000ebe80000,0x00000000ebe80000,0x00000000fd980000)
  from space 1536K, 0% used [0x00000000fdb00000,0x00000000fdb00000,0x00000000fdc80000)
  to   space 1536K, 0% used [0x00000000fd980000,0x00000000fd980000,0x00000000fdb00000)
 ParOldGen       total 440832K, used 304535K [0x00000000c3c00000, 0x00000000dea80000, 0x00000000ebe80000)
  object space 440832K, 69% used [0x00000000c3c00000,0x00000000d6565e10,0x00000000dea80000)
 PSPermGen       total 21504K, used 3494K [0x00000000b9600000, 0x00000000bab00000, 0x00000000c3c00000)
  object space 21504K, 16% used [0x00000000b9600000,0x00000000b9969818,0x00000000bab00000)
}
Event: 33.452 GC heap before
{Heap before GC invocations=21 (full 5):
 PSYoungGen      total 291328K, used 289792K [0x00000000ebe80000, 0x00000000fdf00000, 0x0000000100000000)
  eden space 289792K, 100% used [0x00000000ebe80000,0x00000000fd980000,0x00000000fd980000)
  from space 1536K, 0% used [0x00000000fdb00000,0x00000000fdb00000,0x00000000fdc80000)
  to   space 1536K, 0% used [0x00000000fd980000,0x00000000fd980000,0x00000000fdb00000)
 ParOldGen       total 657920K, used 578328K [0x00000000c3c00000, 0x00000000ebe80000, 0x00000000ebe80000)
  object space 657920K, 87% used [0x00000000c3c00000,0x00000000e70c6318,0x00000000ebe80000)
 PSPermGen       total 21504K, used 3494K [0x00000000b9600000, 0x00000000bab00000, 0x00000000c3c00000)
  object space 21504K, 16% used [0x00000000b9600000,0x00000000b9969818,0x00000000bab00000)

