# JRE version: OpenJDK Runtime Environment (7.0_79-b14) (build 1.7.0_79-b14)
# Java VM: OpenJDK 64-Bit Server VM (24.79-b02 mixed mode linux-amd64 compressed oops)
Heap
 PSYoungGen      total 177152K, used 0K [0x00000000ebe80000, 0x00000000fa400000, 0x0000000100000000)
  eden space 175616K, 0% used [0x00000000ebe80000,0x00000000ebe80000,0x00000000f6a00000)
  from space 1536K, 0% used [0x00000000f6a00000,0x00000000f6a00000,0x00000000f6b80000)
  to   space 1536K, 0% used [0x00000000fa280000,0x00000000fa280000,0x00000000fa400000)
 ParOldGen       total 298496K, used 203126K [0x00000000c3c00000, 0x00000000d5f80000, 0x00000000ebe80000)
  object space 298496K, 68% used [0x00000000c3c00000,0x00000000d025d800,0x00000000d5f80000)
 PSPermGen       total 21504K, used 3490K [0x00000000b9600000, 0x00000000bab00000, 0x00000000c3c00000)
  object space 21504K, 16% used [0x00000000b9600000,0x00000000b9968ae8,0x00000000bab00000)
GC Heap History (10 events):
Event: 11.982 GC heap after
Heap after GC invocations=12 (full 2):
 PSYoungGen      total 133632K, used 0K [0x00000000ebe80000, 0x00000000f6400000, 0x0000000100000000)
  eden space 131584K, 0% used [0x00000000ebe80000,0x00000000ebe80000,0x00000000f3f00000)
  from space 2048K, 0% used [0x00000000f4100000,0x00000000f4100000,0x00000000f4300000)
  to   space 2048K, 0% used [0x00000000f3f00000,0x00000000f3f00000,0x00000000f4100000)
 ParOldGen       total 137728K, used 90453K [0x00000000c3c00000, 0x00000000cc280000, 0x00000000ebe80000)
  object space 137728K, 65% used [0x00000000c3c00000,0x00000000c9455780,0x00000000cc280000)
 PSPermGen       total 21504K, used 3490K [0x00000000b9600000, 0x00000000bab00000, 0x00000000c3c00000)
  object space 21504K, 16% used [0x00000000b9600000,0x00000000b9968ae8,0x00000000bab00000)
}
Event: 12.174 GC heap before
{Heap before GC invocations=13 (full 2):
 PSYoungGen      total 133632K, used 131584K [0x00000000ebe80000, 0x00000000f6400000, 0x0000000100000000)
  eden space 131584K, 100% used [0x00000000ebe80000,0x00000000f3f00000,0x00000000f3f00000)
  from space 2048K, 0% used [0x00000000f4100000,0x00000000f4100000,0x00000000f4300000)
  to   space 2048K, 0% used [0x00000000f3f00000,0x00000000f3f00000,0x00000000f4100000)
 ParOldGen       total 137728K, used 90453K [0x00000000c3c00000, 0x00000000cc280000, 0x00000000ebe80000)
  object space 137728K, 65% used [0x00000000c3c00000,0x00000000c9455780,0x00000000cc280000)
 PSPermGen       total 21504K, used 3490K [0x00000000b9600000, 0x00000000bab00000, 0x00000000c3c00000)
  object space 21504K, 16% used [0x00000000b9600000,0x00000000b9968ae8,0x00000000bab00000)
Event: 12.396 GC heap after
Heap after GC invocations=13 (full 2):
 PSYoungGen      total 133632K, used 0K [0x00000000ebe80000, 0x00000000f6e00000, 0x0000000100000000)
  eden space 131584K, 0% used [0x00000000ebe80000,0x00000000ebe80000,0x00000000f3f00000)
  from space 2048K, 0% used [0x00000000f3f00000,0x00000000f3f00000,0x00000000f4100000)
  to   space 1536K, 0% used [0x00000000f6c80000,0x00000000f6c80000,0x00000000f6e00000)
 ParOldGen       total 219136K, used 171577K [0x00000000c3c00000, 0x00000000d1200000, 0x00000000ebe80000)
  object space 219136K, 78% used [0x00000000c3c00000,0x00000000ce38e748,0x00000000d1200000)
 PSPermGen       total 21504K, used 3490K [0x00000000b9600000, 0x00000000bab00000, 0x00000000c3c00000)
  object space 21504K, 16% used [0x00000000b9600000,0x00000000b9968ae8,0x00000000bab00000)
}
Event: 12.396 GC heap before
{Heap before GC invocations=14 (full 3):
 PSYoungGen      total 133632K, used 0K [0x00000000ebe80000, 0x00000000f6e00000, 0x0000000100000000)
  eden space 131584K, 0% used [0x00000000ebe80000,0x00000000ebe80000,0x00000000f3f00000)
  from space 2048K, 0% used [0x00000000f3f00000,0x00000000f3f00000,0x00000000f4100000)
  to   space 1536K, 0% used [0x00000000f6c80000,0x00000000f6c80000,0x00000000f6e00000)
 ParOldGen       total 219136K, used 171577K [0x00000000c3c00000, 0x00000000d1200000, 0x00000000ebe80000)
  object space 219136K, 78% used [0x00000000c3c00000,0x00000000ce38e748,0x00000000d1200000)
 PSPermGen       total 21504K, used 3490K [0x00000000b9600000, 0x00000000bab00000, 0x00000000c3c00000)
  object space 21504K, 16% used [0x00000000b9600000,0x00000000b9968ae8,0x00000000bab00000)
Event: 12.855 GC heap after
Heap after GC invocations=14 (full 3):
 PSYoungGen      total 133632K, used 0K [0x00000000ebe80000, 0x00000000f6e00000, 0x0000000100000000)
  eden space 131584K, 0% used [0x00000000ebe80000,0x00000000ebe80000,0x00000000f3f00000)
  from space 2048K, 0% used [0x00000000f3f00000,0x00000000f3f00000,0x00000000f4100000)
  to   space 1536K, 0% used [0x00000000f6c80000,0x00000000f6c80000,0x00000000f6e00000)
 ParOldGen       total 176640K, used 81440K [0x00000000c3c00000, 0x00000000ce880000, 0x00000000ebe80000)
  object space 176640K, 46% used [0x00000000c3c00000,0x00000000c8b88060,0x00000000ce880000)
 PSPermGen       total 21504K, used 3490K [0x00000000b9600000, 0x00000000bab00000, 0x00000000c3c00000)
  object space 21504K, 16% used [0x00000000b9600000,0x00000000b9968ae8,0x00000000bab00000)
}
Event: 13.116 GC heap before
{Heap before GC invocations=15 (full 3):
 PSYoungGen      total 133632K, used 131584K [0x00000000ebe80000, 0x00000000f6e00000, 0x0000000100000000)
  eden space 131584K, 100% used [0x00000000ebe80000,0x00000000f3f00000,0x00000000f3f00000)
  from space 2048K, 0% used [0x00000000f3f00000,0x00000000f3f00000,0x00000000f4100000)
  to   space 1536K, 0% used [0x00000000f6c80000,0x00000000f6c80000,0x00000000f6e00000)
 ParOldGen       total 176640K, used 81440K [0x00000000c3c00000, 0x00000000ce880000, 0x00000000ebe80000)
  object space 176640K, 46% used [0x00000000c3c00000,0x00000000c8b88060,0x00000000ce880000)
 PSPermGen       total 21504K, used 3490K [0x00000000b9600000, 0x00000000bab00000, 0x00000000c3c00000)
  object space 21504K, 16% used [0x00000000b9600000,0x00000000b9968ae8,0x00000000bab00000)
Event: 13.169 GC heap after
Heap after GC invocations=15 (full 3):
 PSYoungGen      total 173056K, used 0K [0x00000000ebe80000, 0x00000000f6d00000, 0x0000000100000000)
  eden space 172544K, 0% used [0x00000000ebe80000,0x00000000ebe80000,0x00000000f6700000)
  from space 512K, 0% used [0x00000000f6c80000,0x00000000f6c80000,0x00000000f6d00000)
  to   space 1536K, 0% used [0x00000000f6a00000,0x00000000f6a00000,0x00000000f6b80000)
 ParOldGen       total 176640K, used 81440K [0x00000000c3c00000, 0x00000000ce880000, 0x00000000ebe80000)
  object space 176640K, 46% used [0x00000000c3c00000,0x00000000c8b88060,0x00000000ce880000)
 PSPermGen       total 21504K, used 3490K [0x00000000b9600000, 0x00000000bab00000, 0x00000000c3c00000)
  object space 21504K, 16% used [0x00000000b9600000,0x00000000b9968ae8,0x00000000bab00000)
}
Event: 13.608 GC heap before
{Heap before GC invocations=16 (full 3):
 PSYoungGen      total 173056K, used 172544K [0x00000000ebe80000, 0x00000000f6d00000, 0x0000000100000000)
  eden space 172544K, 100% used [0x00000000ebe80000,0x00000000f6700000,0x00000000f6700000)
  from space 512K, 0% used [0x00000000f6c80000,0x00000000f6c80000,0x00000000f6d00000)
  to   space 1536K, 0% used [0x00000000f6a00000,0x00000000f6a00000,0x00000000f6b80000)
 ParOldGen       total 176640K, used 81440K [0x00000000c3c00000, 0x00000000ce880000, 0x00000000ebe80000)
  object space 176640K, 46% used [0x00000000c3c00000,0x00000000c8b88060,0x00000000ce880000)
 PSPermGen       total 21504K, used 3490K [0x00000000b9600000, 0x00000000bab00000, 0x00000000c3c00000)
  object space 21504K, 16% used [0x00000000b9600000,0x00000000b9968ae8,0x00000000bab00000)
Event: 14.309 GC heap after
Heap after GC invocations=16 (full 3):
 PSYoungGen      total 177152K, used 0K [0x00000000ebe80000, 0x00000000fa400000, 0x0000000100000000)
  eden space 175616K, 0% used [0x00000000ebe80000,0x00000000ebe80000,0x00000000f6a00000)
  from space 1536K, 0% used [0x00000000f6a00000,0x00000000f6a00000,0x00000000f6b80000)
  to   space 1536K, 0% used [0x00000000fa280000,0x00000000fa280000,0x00000000fa400000)
 ParOldGen       total 298496K, used 203126K [0x00000000c3c00000, 0x00000000d5f80000, 0x00000000ebe80000)
  object space 298496K, 68% used [0x00000000c3c00000,0x00000000d025d800,0x00000000d5f80000)
 PSPermGen       total 21504K, used 3490K [0x00000000b9600000, 0x00000000bab00000, 0x00000000c3c00000)
  object space 21504K, 16% used [0x00000000b9600000,0x00000000b9968ae8,0x00000000bab00000)
}
Event: 14.309 GC heap before
{Heap before GC invocations=17 (full 4):
 PSYoungGen      total 177152K, used 0K [0x00000000ebe80000, 0x00000000fa400000, 0x0000000100000000)
  eden space 175616K, 0% used [0x00000000ebe80000,0x00000000ebe80000,0x00000000f6a00000)
  from space 1536K, 0% used [0x00000000f6a00000,0x00000000f6a00000,0x00000000f6b80000)
  to   space 1536K, 0% used [0x00000000fa280000,0x00000000fa280000,0x00000000fa400000)
 ParOldGen       total 298496K, used 203126K [0x00000000c3c00000, 0x00000000d5f80000, 0x00000000ebe80000)
  object space 298496K, 68% used [0x00000000c3c00000,0x00000000d025d800,0x00000000d5f80000)
 PSPermGen       total 21504K, used 3490K [0x00000000b9600000, 0x00000000bab00000, 0x00000000c3c00000)
  object space 21504K, 16% used [0x00000000b9600000,0x00000000b9968ae8,0x00000000bab00000)

