# JRE version: OpenJDK Runtime Environment (7.0_79-b14) (build 1.7.0_79-b14)
# Java VM: OpenJDK 64-Bit Server VM (24.79-b02 mixed mode linux-amd64 compressed oops)
Heap
 PSYoungGen      total 189440K, used 0K [0x00000000ebe80000, 0x00000000fbd00000, 0x0000000100000000)
  eden space 187904K, 0% used [0x00000000ebe80000,0x00000000ebe80000,0x00000000f7600000)
  from space 1536K, 0% used [0x00000000f7600000,0x00000000f7600000,0x00000000f7780000)
  to   space 1536K, 0% used [0x00000000fbb80000,0x00000000fbb80000,0x00000000fbd00000)
 ParOldGen       total 295424K, used 203130K [0x00000000c3c00000, 0x00000000d5c80000, 0x00000000ebe80000)
  object space 295424K, 68% used [0x00000000c3c00000,0x00000000d025ea70,0x00000000d5c80000)
 PSPermGen       total 21504K, used 3495K [0x00000000b9600000, 0x00000000bab00000, 0x00000000c3c00000)
  object space 21504K, 16% used [0x00000000b9600000,0x00000000b9969c78,0x00000000bab00000)
GC Heap History (10 events):
Event: 18.864 GC heap after
Heap after GC invocations=12 (full 2):
 PSYoungGen      total 139264K, used 0K [0x00000000ebe80000, 0x00000000f6480000, 0x0000000100000000)
  eden space 137216K, 0% used [0x00000000ebe80000,0x00000000ebe80000,0x00000000f4480000)
  from space 2048K, 0% used [0x00000000f4680000,0x00000000f4680000,0x00000000f4880000)
  to   space 2048K, 0% used [0x00000000f4480000,0x00000000f4480000,0x00000000f4680000)
 ParOldGen       total 136192K, used 90458K [0x00000000c3c00000, 0x00000000cc100000, 0x00000000ebe80000)
  object space 136192K, 66% used [0x00000000c3c00000,0x00000000c94569f0,0x00000000cc100000)
 PSPermGen       total 21504K, used 3495K [0x00000000b9600000, 0x00000000bab00000, 0x00000000c3c00000)
  object space 21504K, 16% used [0x00000000b9600000,0x00000000b9969c78,0x00000000bab00000)
}
Event: 19.169 GC heap before
{Heap before GC invocations=13 (full 2):
 PSYoungGen      total 139264K, used 137216K [0x00000000ebe80000, 0x00000000f6480000, 0x0000000100000000)
  eden space 137216K, 100% used [0x00000000ebe80000,0x00000000f4480000,0x00000000f4480000)
  from space 2048K, 0% used [0x00000000f4680000,0x00000000f4680000,0x00000000f4880000)
  to   space 2048K, 0% used [0x00000000f4480000,0x00000000f4480000,0x00000000f4680000)
 ParOldGen       total 136192K, used 90458K [0x00000000c3c00000, 0x00000000cc100000, 0x00000000ebe80000)
  object space 136192K, 66% used [0x00000000c3c00000,0x00000000c94569f0,0x00000000cc100000)
 PSPermGen       total 21504K, used 3495K [0x00000000b9600000, 0x00000000bab00000, 0x00000000c3c00000)
  object space 21504K, 16% used [0x00000000b9600000,0x00000000b9969c78,0x00000000bab00000)
Event: 20.192 GC heap after
Heap after GC invocations=13 (full 2):
 PSYoungGen      total 139264K, used 0K [0x00000000ebe80000, 0x00000000f7a00000, 0x0000000100000000)
  eden space 137216K, 0% used [0x00000000ebe80000,0x00000000ebe80000,0x00000000f4480000)
  from space 2048K, 0% used [0x00000000f4480000,0x00000000f4480000,0x00000000f4680000)
  to   space 1536K, 0% used [0x00000000f7880000,0x00000000f7880000,0x00000000f7a00000)
 ParOldGen       total 217600K, used 171582K [0x00000000c3c00000, 0x00000000d1080000, 0x00000000ebe80000)
  object space 217600K, 78% used [0x00000000c3c00000,0x00000000ce38f9b8,0x00000000d1080000)
 PSPermGen       total 21504K, used 3495K [0x00000000b9600000, 0x00000000bab00000, 0x00000000c3c00000)
  object space 21504K, 16% used [0x00000000b9600000,0x00000000b9969c78,0x00000000bab00000)
}
Event: 20.192 GC heap before
{Heap before GC invocations=14 (full 3):
 PSYoungGen      total 139264K, used 0K [0x00000000ebe80000, 0x00000000f7a00000, 0x0000000100000000)
  eden space 137216K, 0% used [0x00000000ebe80000,0x00000000ebe80000,0x00000000f4480000)
  from space 2048K, 0% used [0x00000000f4480000,0x00000000f4480000,0x00000000f4680000)
  to   space 1536K, 0% used [0x00000000f7880000,0x00000000f7880000,0x00000000f7a00000)
 ParOldGen       total 217600K, used 171582K [0x00000000c3c00000, 0x00000000d1080000, 0x00000000ebe80000)
  object space 217600K, 78% used [0x00000000c3c00000,0x00000000ce38f9b8,0x00000000d1080000)
 PSPermGen       total 21504K, used 3495K [0x00000000b9600000, 0x00000000bab00000, 0x00000000c3c00000)
  object space 21504K, 16% used [0x00000000b9600000,0x00000000b9969c78,0x00000000bab00000)
Event: 20.688 GC heap after
Heap after GC invocations=14 (full 3):
 PSYoungGen      total 139264K, used 0K [0x00000000ebe80000, 0x00000000f7a00000, 0x0000000100000000)
  eden space 137216K, 0% used [0x00000000ebe80000,0x00000000ebe80000,0x00000000f4480000)
  from space 2048K, 0% used [0x00000000f4480000,0x00000000f4480000,0x00000000f4680000)
  to   space 1536K, 0% used [0x00000000f7880000,0x00000000f7880000,0x00000000f7a00000)
 ParOldGen       total 173568K, used 81444K [0x00000000c3c00000, 0x00000000ce580000, 0x00000000ebe80000)
  object space 173568K, 46% used [0x00000000c3c00000,0x00000000c8b892d0,0x00000000ce580000)
 PSPermGen       total 21504K, used 3495K [0x00000000b9600000, 0x00000000bab00000, 0x00000000c3c00000)
  object space 21504K, 16% used [0x00000000b9600000,0x00000000b9969c78,0x00000000bab00000)
}
Event: 21.207 GC heap before
{Heap before GC invocations=15 (full 3):
 PSYoungGen      total 139264K, used 137216K [0x00000000ebe80000, 0x00000000f7a00000, 0x0000000100000000)
  eden space 137216K, 100% used [0x00000000ebe80000,0x00000000f4480000,0x00000000f4480000)
  from space 2048K, 0% used [0x00000000f4480000,0x00000000f4480000,0x00000000f4680000)
  to   space 1536K, 0% used [0x00000000f7880000,0x00000000f7880000,0x00000000f7a00000)
 ParOldGen       total 173568K, used 81444K [0x00000000c3c00000, 0x00000000ce580000, 0x00000000ebe80000)
  object space 173568K, 46% used [0x00000000c3c00000,0x00000000c8b892d0,0x00000000ce580000)
 PSPermGen       total 21504K, used 3495K [0x00000000b9600000, 0x00000000bab00000, 0x00000000c3c00000)
  object space 21504K, 16% used [0x00000000b9600000,0x00000000b9969c78,0x00000000bab00000)
Event: 21.266 GC heap after
Heap after GC invocations=15 (full 3):
 PSYoungGen      total 187904K, used 0K [0x00000000ebe80000, 0x00000000f7900000, 0x0000000100000000)
  eden space 187392K, 0% used [0x00000000ebe80000,0x00000000ebe80000,0x00000000f7580000)
  from space 512K, 0% used [0x00000000f7880000,0x00000000f7880000,0x00000000f7900000)
  to   space 1536K, 0% used [0x00000000f7600000,0x00000000f7600000,0x00000000f7780000)
 ParOldGen       total 173568K, used 81444K [0x00000000c3c00000, 0x00000000ce580000, 0x00000000ebe80000)
  object space 173568K, 46% used [0x00000000c3c00000,0x00000000c8b892d0,0x00000000ce580000)
 PSPermGen       total 21504K, used 3495K [0x00000000b9600000, 0x00000000bab00000, 0x00000000c3c00000)
  object space 21504K, 16% used [0x00000000b9600000,0x00000000b9969c78,0x00000000bab00000)
}
Event: 22.225 GC heap before
{Heap before GC invocations=16 (full 3):
 PSYoungGen      total 187904K, used 187392K [0x00000000ebe80000, 0x00000000f7900000, 0x0000000100000000)
  eden space 187392K, 100% used [0x00000000ebe80000,0x00000000f7580000,0x00000000f7580000)
  from space 512K, 0% used [0x00000000f7880000,0x00000000f7880000,0x00000000f7900000)
  to   space 1536K, 0% used [0x00000000f7600000,0x00000000f7600000,0x00000000f7780000)
 ParOldGen       total 173568K, used 81444K [0x00000000c3c00000, 0x00000000ce580000, 0x00000000ebe80000)
  object space 173568K, 46% used [0x00000000c3c00000,0x00000000c8b892d0,0x00000000ce580000)
 PSPermGen       total 21504K, used 3495K [0x00000000b9600000, 0x00000000bab00000, 0x00000000c3c00000)
  object space 21504K, 16% used [0x00000000b9600000,0x00000000b9969c78,0x00000000bab00000)
Event: 22.852 GC heap after
Heap after GC invocations=16 (full 3):
 PSYoungGen      total 189440K, used 0K [0x00000000ebe80000, 0x00000000fbd00000, 0x0000000100000000)
  eden space 187904K, 0% used [0x00000000ebe80000,0x00000000ebe80000,0x00000000f7600000)
  from space 1536K, 0% used [0x00000000f7600000,0x00000000f7600000,0x00000000f7780000)
  to   space 1536K, 0% used [0x00000000fbb80000,0x00000000fbb80000,0x00000000fbd00000)
 ParOldGen       total 295424K, used 203130K [0x00000000c3c00000, 0x00000000d5c80000, 0x00000000ebe80000)
  object space 295424K, 68% used [0x00000000c3c00000,0x00000000d025ea70,0x00000000d5c80000)
 PSPermGen       total 21504K, used 3495K [0x00000000b9600000, 0x00000000bab00000, 0x00000000c3c00000)
  object space 21504K, 16% used [0x00000000b9600000,0x00000000b9969c78,0x00000000bab00000)
}
Event: 22.852 GC heap before
{Heap before GC invocations=17 (full 4):
 PSYoungGen      total 189440K, used 0K [0x00000000ebe80000, 0x00000000fbd00000, 0x0000000100000000)
  eden space 187904K, 0% used [0x00000000ebe80000,0x00000000ebe80000,0x00000000f7600000)
  from space 1536K, 0% used [0x00000000f7600000,0x00000000f7600000,0x00000000f7780000)
  to   space 1536K, 0% used [0x00000000fbb80000,0x00000000fbb80000,0x00000000fbd00000)
 ParOldGen       total 295424K, used 203130K [0x00000000c3c00000, 0x00000000d5c80000, 0x00000000ebe80000)
  object space 295424K, 68% used [0x00000000c3c00000,0x00000000d025ea70,0x00000000d5c80000)
 PSPermGen       total 21504K, used 3495K [0x00000000b9600000, 0x00000000bab00000, 0x00000000c3c00000)
  object space 21504K, 16% used [0x00000000b9600000,0x00000000b9969c78,0x00000000bab00000)

