# JRE version: OpenJDK Runtime Environment (7.0_79-b14) (build 1.7.0_79-b14)
# Java VM: OpenJDK 64-Bit Server VM (24.79-b02 mixed mode linux-amd64 compressed oops)
Heap
 PSYoungGen      total 281088K, used 279552K [0x00000000ebe80000, 0x00000000fd580000, 0x0000000100000000)
  eden space 279552K, 100% used [0x00000000ebe80000,0x00000000fcf80000,0x00000000fcf80000)
  from space 1536K, 0% used [0x00000000fd100000,0x00000000fd100000,0x00000000fd280000)
  to   space 1536K, 0% used [0x00000000fcf80000,0x00000000fcf80000,0x00000000fd100000)
 ParOldGen       total 657920K, used 578328K [0x00000000c3c00000, 0x00000000ebe80000, 0x00000000ebe80000)
  object space 657920K, 87% used [0x00000000c3c00000,0x00000000e70c6370,0x00000000ebe80000)
 PSPermGen       total 21504K, used 3494K [0x00000000b9600000, 0x00000000bab00000, 0x00000000c3c00000)
  object space 21504K, 16% used [0x00000000b9600000,0x00000000b9969958,0x00000000bab00000)
GC Heap History (10 events):
Event: 22.143 GC heap after
Heap after GC invocations=16 (full 3):
 PSYoungGen      total 175616K, used 0K [0x00000000ebe80000, 0x00000000fa000000, 0x0000000100000000)
  eden space 174080K, 0% used [0x00000000ebe80000,0x00000000ebe80000,0x00000000f6880000)
  from space 1536K, 0% used [0x00000000f6880000,0x00000000f6880000,0x00000000f6a00000)
  to   space 1536K, 0% used [0x00000000f9e80000,0x00000000f9e80000,0x00000000fa000000)
 ParOldGen       total 297984K, used 203130K [0x00000000c3c00000, 0x00000000d5f00000, 0x00000000ebe80000)
  object space 297984K, 68% used [0x00000000c3c00000,0x00000000d025ead0,0x00000000d5f00000)
 PSPermGen       total 21504K, used 3494K [0x00000000b9600000, 0x00000000bab00000, 0x00000000c3c00000)
  object space 21504K, 16% used [0x00000000b9600000,0x00000000b9969958,0x00000000bab00000)
}
Event: 22.144 GC heap before
{Heap before GC invocations=17 (full 4):
 PSYoungGen      total 175616K, used 0K [0x00000000ebe80000, 0x00000000fa000000, 0x0000000100000000)
  eden space 174080K, 0% used [0x00000000ebe80000,0x00000000ebe80000,0x00000000f6880000)
  from space 1536K, 0% used [0x00000000f6880000,0x00000000f6880000,0x00000000f6a00000)
  to   space 1536K, 0% used [0x00000000f9e80000,0x00000000f9e80000,0x00000000fa000000)
 ParOldGen       total 297984K, used 203130K [0x00000000c3c00000, 0x00000000d5f00000, 0x00000000ebe80000)
  object space 297984K, 68% used [0x00000000c3c00000,0x00000000d025ead0,0x00000000d5f00000)
 PSPermGen       total 21504K, used 3494K [0x00000000b9600000, 0x00000000bab00000, 0x00000000c3c00000)
  object space 21504K, 16% used [0x00000000b9600000,0x00000000b9969958,0x00000000bab00000)
Event: 22.753 GC heap after
Heap after GC invocations=17 (full 4):
 PSYoungGen      total 175616K, used 0K [0x00000000ebe80000, 0x00000000fa000000, 0x0000000100000000)
  eden space 174080K, 0% used [0x00000000ebe80000,0x00000000ebe80000,0x00000000f6880000)
  from space 1536K, 0% used [0x00000000f6880000,0x00000000f6880000,0x00000000f6a00000)
  to   space 1536K, 0% used [0x00000000f9e80000,0x00000000f9e80000,0x00000000fa000000)
 ParOldGen       total 259584K, used 122006K [0x00000000c3c00000, 0x00000000d3980000, 0x00000000ebe80000)
  object space 259584K, 47% used [0x00000000c3c00000,0x00000000cb325b08,0x00000000d3980000)
 PSPermGen       total 21504K, used 3494K [0x00000000b9600000, 0x00000000bab00000, 0x00000000c3c00000)
  object space 21504K, 16% used [0x00000000b9600000,0x00000000b9969958,0x00000000bab00000)
}
Event: 23.265 GC heap before
{Heap before GC invocations=18 (full 4):
 PSYoungGen      total 175616K, used 174080K [0x00000000ebe80000, 0x00000000fa000000, 0x0000000100000000)
  eden space 174080K, 100% used [0x00000000ebe80000,0x00000000f6880000,0x00000000f6880000)
  from space 1536K, 0% used [0x00000000f6880000,0x00000000f6880000,0x00000000f6a00000)
  to   space 1536K, 0% used [0x00000000f9e80000,0x00000000f9e80000,0x00000000fa000000)
 ParOldGen       total 259584K, used 122006K [0x00000000c3c00000, 0x00000000d3980000, 0x00000000ebe80000)
  object space 259584K, 47% used [0x00000000c3c00000,0x00000000cb325b08,0x00000000d3980000)
 PSPermGen       total 21504K, used 3494K [0x00000000b9600000, 0x00000000bab00000, 0x00000000c3c00000)
  object space 21504K, 16% used [0x00000000b9600000,0x00000000b9969958,0x00000000bab00000)
Event: 23.341 GC heap after
Heap after GC invocations=18 (full 4):
 PSYoungGen      total 223232K, used 0K [0x00000000ebe80000, 0x00000000f9f00000, 0x0000000100000000)
  eden space 222720K, 0% used [0x00000000ebe80000,0x00000000ebe80000,0x00000000f9800000)
  from space 512K, 0% used [0x00000000f9e80000,0x00000000f9e80000,0x00000000f9f00000)
  to   space 1536K, 0% used [0x00000000f9c00000,0x00000000f9c00000,0x00000000f9d80000)
 ParOldGen       total 259584K, used 122006K [0x00000000c3c00000, 0x00000000d3980000, 0x00000000ebe80000)
  object space 259584K, 47% used [0x00000000c3c00000,0x00000000cb325b08,0x00000000d3980000)
 PSPermGen       total 21504K, used 3494K [0x00000000b9600000, 0x00000000bab00000, 0x00000000c3c00000)
  object space 21504K, 16% used [0x00000000b9600000,0x00000000b9969958,0x00000000bab00000)
}
Event: 24.261 GC heap before
{Heap before GC invocations=19 (full 4):
 PSYoungGen      total 223232K, used 222720K [0x00000000ebe80000, 0x00000000f9f00000, 0x0000000100000000)
  eden space 222720K, 100% used [0x00000000ebe80000,0x00000000f9800000,0x00000000f9800000)
  from space 512K, 0% used [0x00000000f9e80000,0x00000000f9e80000,0x00000000f9f00000)
  to   space 1536K, 0% used [0x00000000f9c00000,0x00000000f9c00000,0x00000000f9d80000)
 ParOldGen       total 442368K, used 304535K [0x00000000c3c00000, 0x00000000dec00000, 0x00000000ebe80000)
  object space 442368K, 68% used [0x00000000c3c00000,0x00000000d6565e68,0x00000000dec00000)
 PSPermGen       total 21504K, used 3494K [0x00000000b9600000, 0x00000000bab00000, 0x00000000c3c00000)
  object space 21504K, 16% used [0x00000000b9600000,0x00000000b9969958,0x00000000bab00000)
Event: 24.366 GC heap after
Heap after GC invocations=19 (full 4):
 PSYoungGen      total 228352K, used 0K [0x00000000ebe80000, 0x00000000fd280000, 0x0000000100000000)
  eden space 226816K, 0% used [0x00000000ebe80000,0x00000000ebe80000,0x00000000f9c00000)
  from space 1536K, 0% used [0x00000000f9c00000,0x00000000f9c00000,0x00000000f9d80000)
  to   space 1536K, 0% used [0x00000000fd100000,0x00000000fd100000,0x00000000fd280000)
 ParOldGen       total 442368K, used 304535K [0x00000000c3c00000, 0x00000000dec00000, 0x00000000ebe80000)
  object space 442368K, 68% used [0x00000000c3c00000,0x00000000d6565e68,0x00000000dec00000)
 PSPermGen       total 21504K, used 3494K [0x00000000b9600000, 0x00000000bab00000, 0x00000000c3c00000)
  object space 21504K, 16% used [0x00000000b9600000,0x00000000b9969958,0x00000000bab00000)
}
Event: 25.027 GC heap before
{Heap before GC invocations=20 (full 4):
 PSYoungGen      total 228352K, used 226816K [0x00000000ebe80000, 0x00000000fd280000, 0x0000000100000000)
  eden space 226816K, 100% used [0x00000000ebe80000,0x00000000f9c00000,0x00000000f9c00000)
  from space 1536K, 0% used [0x00000000f9c00000,0x00000000f9c00000,0x00000000f9d80000)
  to   space 1536K, 0% used [0x00000000fd100000,0x00000000fd100000,0x00000000fd280000)
 ParOldGen       total 442368K, used 304535K [0x00000000c3c00000, 0x00000000dec00000, 0x00000000ebe80000)
  object space 442368K, 68% used [0x00000000c3c00000,0x00000000d6565e68,0x00000000dec00000)
 PSPermGen       total 21504K, used 3494K [0x00000000b9600000, 0x00000000bab00000, 0x00000000c3c00000)
  object space 21504K, 16% used [0x00000000b9600000,0x00000000b9969958,0x00000000bab00000)
Event: 25.143 GC heap after
Heap after GC invocations=20 (full 4):
 PSYoungGen      total 281088K, used 0K [0x00000000ebe80000, 0x00000000fd580000, 0x0000000100000000)
  eden space 279552K, 0% used [0x00000000ebe80000,0x00000000ebe80000,0x00000000fcf80000)
  from space 1536K, 0% used [0x00000000fd100000,0x00000000fd100000,0x00000000fd280000)
  to   space 1536K, 0% used [0x00000000fcf80000,0x00000000fcf80000,0x00000000fd100000)
 ParOldGen       total 442368K, used 304535K [0x00000000c3c00000, 0x00000000dec00000, 0x00000000ebe80000)
  object space 442368K, 68% used [0x00000000c3c00000,0x00000000d6565e68,0x00000000dec00000)
 PSPermGen       total 21504K, used 3494K [0x00000000b9600000, 0x00000000bab00000, 0x00000000c3c00000)
  object space 21504K, 16% used [0x00000000b9600000,0x00000000b9969958,0x00000000bab00000)
}
Event: 26.516 GC heap before
{Heap before GC invocations=21 (full 5):
 PSYoungGen      total 281088K, used 279552K [0x00000000ebe80000, 0x00000000fd580000, 0x0000000100000000)
  eden space 279552K, 100% used [0x00000000ebe80000,0x00000000fcf80000,0x00000000fcf80000)
  from space 1536K, 0% used [0x00000000fd100000,0x00000000fd100000,0x00000000fd280000)
  to   space 1536K, 0% used [0x00000000fcf80000,0x00000000fcf80000,0x00000000fd100000)
 ParOldGen       total 657920K, used 578328K [0x00000000c3c00000, 0x00000000ebe80000, 0x00000000ebe80000)
  object space 657920K, 87% used [0x00000000c3c00000,0x00000000e70c6370,0x00000000ebe80000)
 PSPermGen       total 21504K, used 3494K [0x00000000b9600000, 0x00000000bab00000, 0x00000000c3c00000)
  object space 21504K, 16% used [0x00000000b9600000,0x00000000b9969958,0x00000000bab00000)

